<?xml version="1.0" encoding="utf-8"?><testsuites name="pytest tests"><testsuite name="pytest" errors="0" failures="0" skipped="0" tests="22" time="12.833" timestamp="2026-04-21T12:54:00.350185+00:00" hostname="agent-env-ab56b28e-cdc8-4a1b-9bd0-a3d76b36aca9"><testcase classname="backend.tests.test_tortellino_api.TestAuth" name="test_health" time="0.373" /><testcase classname="backend.tests.test_tortellino_api.TestAuth" name="test_admin_login" time="0.438" /><testcase classname="backend.tests.test_tortellino_api.TestAuth" name="test_admin_login_wrong_password" time="0.375" /><testcase classname="backend.tests.test_tortellino_api.TestAuth" name="test_register_admin_email_conflict" time="0.205" /><testcase classname="backend.tests.test_tortellino_api.TestAuth" name="test_register_student" time="0.373" /><testcase classname="backend.tests.test_tortellino_api.TestAuth" name="test_me_with_token" time="0.128" /><testcase classname="backend.tests.test_tortellino_api.TestAuth" name="test_me_without_token" time="0.165" /><testcase classname="backend.tests.test_tortellino_api.TestLessons" name="test_create_lesson_as_student_forbidden" time="0.194" /><testcase classname="backend.tests.test_tortellino_api.TestLessons" name="test_create_lesson_as_admin" time="0.128" /><testcase classname="backend.tests.test_tortellino_api.TestLessons" name="test_list_lessons" time="0.117" /><testcase classname="backend.tests.test_tortellino_api.TestLessons" name="test_get_lesson" time="0.227" /><testcase classname="backend.tests.test_tortellino_api.TestLessons" name="test_update_lesson" time="0.134" /><testcase classname="backend.tests.test_tortellino_api.TestProgress" name="test_submit_correct_mc" time="0.143" /><testcase classname="backend.tests.test_tortellino_api.TestProgress" name="test_submit_same_mc_already_solved" time="0.126" /><testcase classname="backend.tests.test_tortellino_api.TestProgress" name="test_submit_wrong_mc" time="0.494" /><testcase classname="backend.tests.test_tortellino_api.TestProgress" name="test_true_false_correct" time="0.105" /><testcase classname="backend.tests.test_tortellino_api.TestProgress" name="test_open_answer_case_insensitive" time="0.219" /><testcase classname="backend.tests.test_tortellino_api.TestProgress" name="test_complete_lesson_streak" time="0.120" /><testcase classname="backend.tests.test_tortellino_api.TestProgress" name="test_level_calculation" time="7.957" /><testcase classname="backend.tests.test_tortellino_api.TestSaved" name="test_save_and_list" time="0.244" /><testcase classname="backend.tests.test_tortellino_api.TestSaved" name="test_unsave" time="0.260" /><testcase classname="backend.tests.test_tortellino_api.TestCleanup" name="test_delete_lesson_as_admin" time="0.262" /></testsuite></testsuites>